CRITICAL - 2020-10-14 19:13:31 --> Maximum execution time of 30 seconds exceeded
#0 [internal function]: CodeIgniter\Debug\Exceptions->shutdownHandler()
#1 {main}
CRITICAL - 2020-10-14 19:22:33 --> Invalid file: Persona/Calculadora.php
#0 C:\xampp\htdocs\plantilla\system\View\View.php(228): CodeIgniter\Exceptions\FrameworkException::forInvalidFile('Persona/Calcula...')
#1 C:\xampp\htdocs\plantilla\system\Common.php(1119): CodeIgniter\View\View->render('Persona/Calcula...', Array, true)
#2 C:\xampp\htdocs\plantilla\app\Controllers\PersonaController.php(30): view('Persona/Calcula...')
#3 C:\xampp\htdocs\plantilla\system\CodeIgniter.php(918): App\Controllers\PersonaController->calculadora()
#4 C:\xampp\htdocs\plantilla\system\CodeIgniter.php(404): CodeIgniter\CodeIgniter->runController(Object(App\Controllers\PersonaController))
#5 C:\xampp\htdocs\plantilla\system\CodeIgniter.php(312): CodeIgniter\CodeIgniter->handleRequest(NULL, Object(Config\Cache), false)
#6 C:\xampp\htdocs\plantilla\index.php(45): CodeIgniter\CodeIgniter->run()
#7 {main}
CRITICAL - 2020-10-14 22:09:47 --> syntax error, unexpected '}'
#0 C:\xampp\htdocs\plantilla\system\Autoloader\Autoloader.php(296): CodeIgniter\Autoloader\Autoloader->requireFile('C:\\xampp\\htdocs...')
#1 C:\xampp\htdocs\plantilla\system\Autoloader\Autoloader.php(258): CodeIgniter\Autoloader\Autoloader->loadInNamespace('App\\Controllers...')
#2 [internal function]: CodeIgniter\Autoloader\Autoloader->loadClass('App\\Controllers...')
#3 [internal function]: spl_autoload_call('App\\Controllers...')
#4 C:\xampp\htdocs\plantilla\system\CodeIgniter.php(869): class_exists('\\App\\Controller...', true)
#5 C:\xampp\htdocs\plantilla\system\CodeIgniter.php(394): CodeIgniter\CodeIgniter->startController()
#6 C:\xampp\htdocs\plantilla\system\CodeIgniter.php(312): CodeIgniter\CodeIgniter->handleRequest(NULL, Object(Config\Cache), false)
#7 C:\xampp\htdocs\plantilla\index.php(45): CodeIgniter\CodeIgniter->run()
#8 {main}
