CRITICAL - 2020-12-06 00:18:31 --> Undefined variable: datos
#0 C:\xampp\htdocs\crudlogin\app\Views\inicio.php(61): CodeIgniter\Debug\Exceptions->errorHandler(8, 'Undefined varia...', 'C:\\xampp\\htdocs...', 61, Array)
#1 C:\xampp\htdocs\crudlogin\vendor\codeigniter4\framework\system\View\View.php(246): include('C:\\xampp\\htdocs...')
#2 C:\xampp\htdocs\crudlogin\vendor\codeigniter4\framework\system\Common.php(1119): CodeIgniter\View\View->render('inicio', Array, true)
#3 C:\xampp\htdocs\crudlogin\app\Controllers\Home.php(12): view('inicio')
#4 C:\xampp\htdocs\crudlogin\vendor\codeigniter4\framework\system\CodeIgniter.php(918): App\Controllers\Home->inicio()
#5 C:\xampp\htdocs\crudlogin\vendor\codeigniter4\framework\system\CodeIgniter.php(404): CodeIgniter\CodeIgniter->runController(Object(App\Controllers\Home))
#6 C:\xampp\htdocs\crudlogin\vendor\codeigniter4\framework\system\CodeIgniter.php(312): CodeIgniter\CodeIgniter->handleRequest(NULL, Object(Config\Cache), false)
#7 C:\xampp\htdocs\crudlogin\public\index.php(45): CodeIgniter\CodeIgniter->run()
#8 {main}
CRITICAL - 2020-12-06 01:37:41 --> Undefined variable: mensaje
#0 C:\xampp\htdocs\crudlogin\app\Views\inicio.php(74): CodeIgniter\Debug\Exceptions->errorHandler(8, 'Undefined varia...', 'C:\\xampp\\htdocs...', 74, Array)
#1 C:\xampp\htdocs\crudlogin\vendor\codeigniter4\framework\system\View\View.php(246): include('C:\\xampp\\htdocs...')
#2 C:\xampp\htdocs\crudlogin\vendor\codeigniter4\framework\system\Common.php(1119): CodeIgniter\View\View->render('inicio', Array, true)
#3 C:\xampp\htdocs\crudlogin\app\Controllers\Home.php(13): view('inicio')
#4 C:\xampp\htdocs\crudlogin\vendor\codeigniter4\framework\system\CodeIgniter.php(918): App\Controllers\Home->inicio()
#5 C:\xampp\htdocs\crudlogin\vendor\codeigniter4\framework\system\CodeIgniter.php(404): CodeIgniter\CodeIgniter->runController(Object(App\Controllers\Home))
#6 C:\xampp\htdocs\crudlogin\vendor\codeigniter4\framework\system\CodeIgniter.php(312): CodeIgniter\CodeIgniter->handleRequest(NULL, Object(Config\Cache), false)
#7 C:\xampp\htdocs\crudlogin\public\index.php(45): CodeIgniter\CodeIgniter->run()
#8 {main}
CRITICAL - 2020-12-06 01:38:47 --> Undefined variable: mensaje
#0 C:\xampp\htdocs\crudlogin\app\Views\inicio.php(74): CodeIgniter\Debug\Exceptions->errorHandler(8, 'Undefined varia...', 'C:\\xampp\\htdocs...', 74, Array)
#1 C:\xampp\htdocs\crudlogin\vendor\codeigniter4\framework\system\View\View.php(246): include('C:\\xampp\\htdocs...')
#2 C:\xampp\htdocs\crudlogin\vendor\codeigniter4\framework\system\Common.php(1119): CodeIgniter\View\View->render('inicio', Array, true)
#3 C:\xampp\htdocs\crudlogin\app\Controllers\Home.php(13): view('inicio')
#4 C:\xampp\htdocs\crudlogin\vendor\codeigniter4\framework\system\CodeIgniter.php(918): App\Controllers\Home->inicio()
#5 C:\xampp\htdocs\crudlogin\vendor\codeigniter4\framework\system\CodeIgniter.php(404): CodeIgniter\CodeIgniter->runController(Object(App\Controllers\Home))
#6 C:\xampp\htdocs\crudlogin\vendor\codeigniter4\framework\system\CodeIgniter.php(312): CodeIgniter\CodeIgniter->handleRequest(NULL, Object(Config\Cache), false)
#7 C:\xampp\htdocs\crudlogin\public\index.php(45): CodeIgniter\CodeIgniter->run()
#8 {main}
CRITICAL - 2020-12-06 01:42:03 --> Undefined variable: mensaje
#0 C:\xampp\htdocs\crudlogin\app\Views\inicio.php(74): CodeIgniter\Debug\Exceptions->errorHandler(8, 'Undefined varia...', 'C:\\xampp\\htdocs...', 74, Array)
#1 C:\xampp\htdocs\crudlogin\vendor\codeigniter4\framework\system\View\View.php(246): include('C:\\xampp\\htdocs...')
#2 C:\xampp\htdocs\crudlogin\vendor\codeigniter4\framework\system\Common.php(1119): CodeIgniter\View\View->render('inicio', Array, true)
#3 C:\xampp\htdocs\crudlogin\app\Controllers\Home.php(13): view('inicio')
#4 C:\xampp\htdocs\crudlogin\vendor\codeigniter4\framework\system\CodeIgniter.php(918): App\Controllers\Home->inicio()
#5 C:\xampp\htdocs\crudlogin\vendor\codeigniter4\framework\system\CodeIgniter.php(404): CodeIgniter\CodeIgniter->runController(Object(App\Controllers\Home))
#6 C:\xampp\htdocs\crudlogin\vendor\codeigniter4\framework\system\CodeIgniter.php(312): CodeIgniter\CodeIgniter->handleRequest(NULL, Object(Config\Cache), false)
#7 C:\xampp\htdocs\crudlogin\public\index.php(45): CodeIgniter\CodeIgniter->run()
#8 {main}
CRITICAL - 2020-12-06 01:43:17 --> Undefined variable: mensaje
#0 C:\xampp\htdocs\crudlogin\app\Views\inicio.php(74): CodeIgniter\Debug\Exceptions->errorHandler(8, 'Undefined varia...', 'C:\\xampp\\htdocs...', 74, Array)
#1 C:\xampp\htdocs\crudlogin\vendor\codeigniter4\framework\system\View\View.php(246): include('C:\\xampp\\htdocs...')
#2 C:\xampp\htdocs\crudlogin\vendor\codeigniter4\framework\system\Common.php(1119): CodeIgniter\View\View->render('inicio', Array, true)
#3 C:\xampp\htdocs\crudlogin\app\Controllers\Home.php(20): view('inicio')
#4 C:\xampp\htdocs\crudlogin\vendor\codeigniter4\framework\system\CodeIgniter.php(918): App\Controllers\Home->inicio()
#5 C:\xampp\htdocs\crudlogin\vendor\codeigniter4\framework\system\CodeIgniter.php(404): CodeIgniter\CodeIgniter->runController(Object(App\Controllers\Home))
#6 C:\xampp\htdocs\crudlogin\vendor\codeigniter4\framework\system\CodeIgniter.php(312): CodeIgniter\CodeIgniter->handleRequest(NULL, Object(Config\Cache), false)
#7 C:\xampp\htdocs\crudlogin\public\index.php(45): CodeIgniter\CodeIgniter->run()
#8 {main}
CRITICAL - 2020-12-06 01:43:18 --> Undefined variable: mensaje
#0 C:\xampp\htdocs\crudlogin\app\Views\inicio.php(74): CodeIgniter\Debug\Exceptions->errorHandler(8, 'Undefined varia...', 'C:\\xampp\\htdocs...', 74, Array)
#1 C:\xampp\htdocs\crudlogin\vendor\codeigniter4\framework\system\View\View.php(246): include('C:\\xampp\\htdocs...')
#2 C:\xampp\htdocs\crudlogin\vendor\codeigniter4\framework\system\Common.php(1119): CodeIgniter\View\View->render('inicio', Array, true)
#3 C:\xampp\htdocs\crudlogin\app\Controllers\Home.php(20): view('inicio')
#4 C:\xampp\htdocs\crudlogin\vendor\codeigniter4\framework\system\CodeIgniter.php(918): App\Controllers\Home->inicio()
#5 C:\xampp\htdocs\crudlogin\vendor\codeigniter4\framework\system\CodeIgniter.php(404): CodeIgniter\CodeIgniter->runController(Object(App\Controllers\Home))
#6 C:\xampp\htdocs\crudlogin\vendor\codeigniter4\framework\system\CodeIgniter.php(312): CodeIgniter\CodeIgniter->handleRequest(NULL, Object(Config\Cache), false)
#7 C:\xampp\htdocs\crudlogin\public\index.php(45): CodeIgniter\CodeIgniter->run()
#8 {main}
CRITICAL - 2020-12-06 01:44:12 --> Undefined index: gastos
#0 C:\xampp\htdocs\crudlogin\app\Controllers\Home.php(77): CodeIgniter\Debug\Exceptions->errorHandler(8, 'Undefined index...', 'C:\\xampp\\htdocs...', 77, Array)
#1 C:\xampp\htdocs\crudlogin\vendor\codeigniter4\framework\system\CodeIgniter.php(918): App\Controllers\Home->crear()
#2 C:\xampp\htdocs\crudlogin\vendor\codeigniter4\framework\system\CodeIgniter.php(404): CodeIgniter\CodeIgniter->runController(Object(App\Controllers\Home))
#3 C:\xampp\htdocs\crudlogin\vendor\codeigniter4\framework\system\CodeIgniter.php(312): CodeIgniter\CodeIgniter->handleRequest(NULL, Object(Config\Cache), false)
#4 C:\xampp\htdocs\crudlogin\public\index.php(45): CodeIgniter\CodeIgniter->run()
#5 {main}
