CRITICAL - 2020-12-05 21:24:58 --> Invalid file: welcome_message.php
#0 C:\xampp\htdocs\crudlogin\vendor\codeigniter4\framework\system\View\View.php(228): CodeIgniter\Exceptions\FrameworkException::forInvalidFile('welcome_message...')
#1 C:\xampp\htdocs\crudlogin\vendor\codeigniter4\framework\system\Common.php(1119): CodeIgniter\View\View->render('welcome_message', Array, true)
#2 C:\xampp\htdocs\crudlogin\app\Controllers\Home.php(7): view('welcome_message')
#3 C:\xampp\htdocs\crudlogin\vendor\codeigniter4\framework\system\CodeIgniter.php(918): App\Controllers\Home->index()
#4 C:\xampp\htdocs\crudlogin\vendor\codeigniter4\framework\system\CodeIgniter.php(404): CodeIgniter\CodeIgniter->runController(Object(App\Controllers\Home))
#5 C:\xampp\htdocs\crudlogin\vendor\codeigniter4\framework\system\CodeIgniter.php(312): CodeIgniter\CodeIgniter->handleRequest(NULL, Object(Config\Cache), false)
#6 C:\xampp\htdocs\crudlogin\public\index.php(45): CodeIgniter\CodeIgniter->run()
#7 {main}
CRITICAL - 2020-12-05 21:43:57 --> syntax error, unexpected '$usuario' (T_VARIABLE)
#0 C:\xampp\htdocs\crudlogin\vendor\codeigniter4\framework\system\Commands\Database\Seed.php(124): CodeIgniter\Database\Seeder->call('App\\Database\\Se...')
#1 C:\xampp\htdocs\crudlogin\vendor\codeigniter4\framework\system\CLI\Commands.php(100): CodeIgniter\Commands\Database\Seed->run(Array)
#2 C:\xampp\htdocs\crudlogin\vendor\codeigniter4\framework\system\CLI\CommandRunner.php(107): CodeIgniter\CLI\Commands->run('db:seed', Array)
#3 C:\xampp\htdocs\crudlogin\vendor\codeigniter4\framework\system\CLI\CommandRunner.php(85): CodeIgniter\CLI\CommandRunner->index(Array)
#4 C:\xampp\htdocs\crudlogin\vendor\codeigniter4\framework\system\CodeIgniter.php(914): CodeIgniter\CLI\CommandRunner->_remap('index', 'db:seed', 'usuario')
#5 C:\xampp\htdocs\crudlogin\vendor\codeigniter4\framework\system\CodeIgniter.php(404): CodeIgniter\CodeIgniter->runController(Object(CodeIgniter\CLI\CommandRunner))
#6 C:\xampp\htdocs\crudlogin\vendor\codeigniter4\framework\system\CodeIgniter.php(312): CodeIgniter\CodeIgniter->handleRequest(NULL, Object(Config\Cache), false)
#7 C:\xampp\htdocs\crudlogin\vendor\codeigniter4\framework\system\CLI\Console.php(86): CodeIgniter\CodeIgniter->run()
#8 C:\xampp\htdocs\crudlogin\spark(57): CodeIgniter\CLI\Console->run()
#9 {main}
CRITICAL - 2020-12-05 21:44:54 --> syntax error, unexpected '$usuario' (T_VARIABLE)
#0 C:\xampp\htdocs\crudlogin\vendor\codeigniter4\framework\system\Commands\Database\Seed.php(124): CodeIgniter\Database\Seeder->call('App\\Database\\Se...')
#1 C:\xampp\htdocs\crudlogin\vendor\codeigniter4\framework\system\CLI\Commands.php(100): CodeIgniter\Commands\Database\Seed->run(Array)
#2 C:\xampp\htdocs\crudlogin\vendor\codeigniter4\framework\system\CLI\CommandRunner.php(107): CodeIgniter\CLI\Commands->run('db:seed', Array)
#3 C:\xampp\htdocs\crudlogin\vendor\codeigniter4\framework\system\CLI\CommandRunner.php(85): CodeIgniter\CLI\CommandRunner->index(Array)
#4 C:\xampp\htdocs\crudlogin\vendor\codeigniter4\framework\system\CodeIgniter.php(914): CodeIgniter\CLI\CommandRunner->_remap('index', 'db:seed', 'usuario')
#5 C:\xampp\htdocs\crudlogin\vendor\codeigniter4\framework\system\CodeIgniter.php(404): CodeIgniter\CodeIgniter->runController(Object(CodeIgniter\CLI\CommandRunner))
#6 C:\xampp\htdocs\crudlogin\vendor\codeigniter4\framework\system\CodeIgniter.php(312): CodeIgniter\CodeIgniter->handleRequest(NULL, Object(Config\Cache), false)
#7 C:\xampp\htdocs\crudlogin\vendor\codeigniter4\framework\system\CLI\Console.php(86): CodeIgniter\CodeIgniter->run()
#8 C:\xampp\htdocs\crudlogin\spark(57): CodeIgniter\CLI\Console->run()
#9 {main}
CRITICAL - 2020-12-05 21:45:32 --> syntax error, unexpected '$usuario' (T_VARIABLE)
#0 C:\xampp\htdocs\crudlogin\vendor\codeigniter4\framework\system\Commands\Database\Seed.php(124): CodeIgniter\Database\Seeder->call('App\\Database\\Se...')
#1 C:\xampp\htdocs\crudlogin\vendor\codeigniter4\framework\system\CLI\Commands.php(100): CodeIgniter\Commands\Database\Seed->run(Array)
#2 C:\xampp\htdocs\crudlogin\vendor\codeigniter4\framework\system\CLI\CommandRunner.php(107): CodeIgniter\CLI\Commands->run('db:seed', Array)
#3 C:\xampp\htdocs\crudlogin\vendor\codeigniter4\framework\system\CLI\CommandRunner.php(85): CodeIgniter\CLI\CommandRunner->index(Array)
#4 C:\xampp\htdocs\crudlogin\vendor\codeigniter4\framework\system\CodeIgniter.php(914): CodeIgniter\CLI\CommandRunner->_remap('index', 'db:seed', 'usuario')
#5 C:\xampp\htdocs\crudlogin\vendor\codeigniter4\framework\system\CodeIgniter.php(404): CodeIgniter\CodeIgniter->runController(Object(CodeIgniter\CLI\CommandRunner))
#6 C:\xampp\htdocs\crudlogin\vendor\codeigniter4\framework\system\CodeIgniter.php(312): CodeIgniter\CodeIgniter->handleRequest(NULL, Object(Config\Cache), false)
#7 C:\xampp\htdocs\crudlogin\vendor\codeigniter4\framework\system\CLI\Console.php(86): CodeIgniter\CodeIgniter->run()
#8 C:\xampp\htdocs\crudlogin\spark(57): CodeIgniter\CLI\Console->run()
#9 {main}
CRITICAL - 2020-12-05 22:50:56 --> syntax error, unexpected '$usuario' (T_VARIABLE)
#0 C:\xampp\htdocs\crudlogin\vendor\codeigniter4\framework\system\Commands\Database\Seed.php(124): CodeIgniter\Database\Seeder->call('App\\Database\\Se...')
#1 C:\xampp\htdocs\crudlogin\vendor\codeigniter4\framework\system\CLI\Commands.php(100): CodeIgniter\Commands\Database\Seed->run(Array)
#2 C:\xampp\htdocs\crudlogin\vendor\codeigniter4\framework\system\CLI\CommandRunner.php(107): CodeIgniter\CLI\Commands->run('db:seed', Array)
#3 C:\xampp\htdocs\crudlogin\vendor\codeigniter4\framework\system\CLI\CommandRunner.php(85): CodeIgniter\CLI\CommandRunner->index(Array)
#4 C:\xampp\htdocs\crudlogin\vendor\codeigniter4\framework\system\CodeIgniter.php(914): CodeIgniter\CLI\CommandRunner->_remap('index', 'db:seed', 'usuario')
#5 C:\xampp\htdocs\crudlogin\vendor\codeigniter4\framework\system\CodeIgniter.php(404): CodeIgniter\CodeIgniter->runController(Object(CodeIgniter\CLI\CommandRunner))
#6 C:\xampp\htdocs\crudlogin\vendor\codeigniter4\framework\system\CodeIgniter.php(312): CodeIgniter\CodeIgniter->handleRequest(NULL, Object(Config\Cache), false)
#7 C:\xampp\htdocs\crudlogin\vendor\codeigniter4\framework\system\CLI\Console.php(86): CodeIgniter\CodeIgniter->run()
#8 C:\xampp\htdocs\crudlogin\spark(57): CodeIgniter\CLI\Console->run()
#9 {main}
CRITICAL - 2020-12-05 23:00:38 --> Class 'App\Controllers\Usuarios' not found
#0 C:\xampp\htdocs\crudlogin\vendor\codeigniter4\framework\system\CodeIgniter.php(918): App\Controllers\Home->login()
#1 C:\xampp\htdocs\crudlogin\vendor\codeigniter4\framework\system\CodeIgniter.php(404): CodeIgniter\CodeIgniter->runController(Object(App\Controllers\Home))
#2 C:\xampp\htdocs\crudlogin\vendor\codeigniter4\framework\system\CodeIgniter.php(312): CodeIgniter\CodeIgniter->handleRequest(NULL, Object(Config\Cache), false)
#3 C:\xampp\htdocs\crudlogin\public\index.php(45): CodeIgniter\CodeIgniter->run()
#4 {main}
CRITICAL - 2020-12-05 23:01:04 --> Table 'crudlogin.t_usuario' doesn't exist
#0 C:\xampp\htdocs\crudlogin\vendor\codeigniter4\framework\system\Database\MySQLi\Connection.php(331): mysqli->query('SELECT *\nFROM `...')
#1 C:\xampp\htdocs\crudlogin\vendor\codeigniter4\framework\system\Database\BaseConnection.php(741): CodeIgniter\Database\MySQLi\Connection->execute('SELECT *\nFROM `...')
#2 C:\xampp\htdocs\crudlogin\vendor\codeigniter4\framework\system\Database\BaseConnection.php(669): CodeIgniter\Database\BaseConnection->simpleQuery('SELECT *\nFROM `...')
#3 C:\xampp\htdocs\crudlogin\vendor\codeigniter4\framework\system\Database\BaseBuilder.php(1860): CodeIgniter\Database\BaseConnection->query('SELECT *\nFROM `...', Array, false)
#4 C:\xampp\htdocs\crudlogin\app\Models\Usuarios.php(8): CodeIgniter\Database\BaseBuilder->get()
#5 C:\xampp\htdocs\crudlogin\app\Controllers\Home.php(21): App\Models\Usuarios->obtenerUsuario(Array)
#6 C:\xampp\htdocs\crudlogin\vendor\codeigniter4\framework\system\CodeIgniter.php(918): App\Controllers\Home->login()
#7 C:\xampp\htdocs\crudlogin\vendor\codeigniter4\framework\system\CodeIgniter.php(404): CodeIgniter\CodeIgniter->runController(Object(App\Controllers\Home))
#8 C:\xampp\htdocs\crudlogin\vendor\codeigniter4\framework\system\CodeIgniter.php(312): CodeIgniter\CodeIgniter->handleRequest(NULL, Object(Config\Cache), false)
#9 C:\xampp\htdocs\crudlogin\public\index.php(45): CodeIgniter\CodeIgniter->run()
#10 {main}
CRITICAL - 2020-12-05 23:01:24 --> Undefined index: type
#0 C:\xampp\htdocs\crudlogin\app\Controllers\Home.php(28): CodeIgniter\Debug\Exceptions->errorHandler(8, 'Undefined index...', 'C:\\xampp\\htdocs...', 28, Array)
#1 C:\xampp\htdocs\crudlogin\vendor\codeigniter4\framework\system\CodeIgniter.php(918): App\Controllers\Home->login()
#2 C:\xampp\htdocs\crudlogin\vendor\codeigniter4\framework\system\CodeIgniter.php(404): CodeIgniter\CodeIgniter->runController(Object(App\Controllers\Home))
#3 C:\xampp\htdocs\crudlogin\vendor\codeigniter4\framework\system\CodeIgniter.php(312): CodeIgniter\CodeIgniter->handleRequest(NULL, Object(Config\Cache), false)
#4 C:\xampp\htdocs\crudlogin\public\index.php(45): CodeIgniter\CodeIgniter->run()
#5 {main}
CRITICAL - 2020-12-05 23:26:41 --> Table 'crudlogin.t_usuario' doesn't exist
#0 C:\xampp\htdocs\crudlogin\vendor\codeigniter4\framework\system\Database\MySQLi\Connection.php(331): mysqli->query('SELECT *\nFROM `...')
#1 C:\xampp\htdocs\crudlogin\vendor\codeigniter4\framework\system\Database\BaseConnection.php(741): CodeIgniter\Database\MySQLi\Connection->execute('SELECT *\nFROM `...')
#2 C:\xampp\htdocs\crudlogin\vendor\codeigniter4\framework\system\Database\BaseConnection.php(669): CodeIgniter\Database\BaseConnection->simpleQuery('SELECT *\nFROM `...')
#3 C:\xampp\htdocs\crudlogin\vendor\codeigniter4\framework\system\Database\BaseBuilder.php(1860): CodeIgniter\Database\BaseConnection->query('SELECT *\nFROM `...', Array, false)
#4 C:\xampp\htdocs\crudlogin\app\Models\Usuarios.php(8): CodeIgniter\Database\BaseBuilder->get()
#5 C:\xampp\htdocs\crudlogin\app\Controllers\Home.php(21): App\Models\Usuarios->obtenerUsuario(Array)
#6 C:\xampp\htdocs\crudlogin\vendor\codeigniter4\framework\system\CodeIgniter.php(918): App\Controllers\Home->login()
#7 C:\xampp\htdocs\crudlogin\vendor\codeigniter4\framework\system\CodeIgniter.php(404): CodeIgniter\CodeIgniter->runController(Object(App\Controllers\Home))
#8 C:\xampp\htdocs\crudlogin\vendor\codeigniter4\framework\system\CodeIgniter.php(312): CodeIgniter\CodeIgniter->handleRequest(NULL, Object(Config\Cache), false)
#9 C:\xampp\htdocs\crudlogin\public\index.php(45): CodeIgniter\CodeIgniter->run()
#10 {main}
CRITICAL - 2020-12-05 23:27:14 --> Undefined index: type
#0 C:\xampp\htdocs\crudlogin\app\Controllers\Home.php(28): CodeIgniter\Debug\Exceptions->errorHandler(8, 'Undefined index...', 'C:\\xampp\\htdocs...', 28, Array)
#1 C:\xampp\htdocs\crudlogin\vendor\codeigniter4\framework\system\CodeIgniter.php(918): App\Controllers\Home->login()
#2 C:\xampp\htdocs\crudlogin\vendor\codeigniter4\framework\system\CodeIgniter.php(404): CodeIgniter\CodeIgniter->runController(Object(App\Controllers\Home))
#3 C:\xampp\htdocs\crudlogin\vendor\codeigniter4\framework\system\CodeIgniter.php(312): CodeIgniter\CodeIgniter->handleRequest(NULL, Object(Config\Cache), false)
#4 C:\xampp\htdocs\crudlogin\public\index.php(45): CodeIgniter\CodeIgniter->run()
#5 {main}
